0 info it worked if it ends with ok
1 verbose cli [ 'node', '/usr/local/bin/npm', 'install' ]
2 info using npm@1.4.28
3 info using node@v0.10.35
4 warn package.json livingdocs-vanilla-css@0.0.1 No repository field.
5 verbose readDependencies using package.json deps
6 verbose install where, deps [ '/Users/marcbachmann/Development/upfrontIO/livingdocs-vanilla-css',
6 verbose install   [ 'coffee-script',
6 verbose install     'express',
6 verbose install     'color',
6 verbose install     'cheerio',
6 verbose install     'grunt',
6 verbose install     'grunt-autoprefixer',
6 verbose install     'grunt-concurrent',
6 verbose install     'grunt-contrib-clean',
6 verbose install     'grunt-contrib-compass',
6 verbose install     'grunt-contrib-copy',
6 verbose install     'grunt-contrib-jade',
6 verbose install     'grunt-contrib-sass',
6 verbose install     'grunt-contrib-stylus',
6 verbose install     'grunt-contrib-watch',
6 verbose install     'grunt-express',
6 verbose install     'grunt-livingdocs-design',
6 verbose install     'grunt-recess',
6 verbose install     'html-minifier',
6 verbose install     'load-grunt-tasks',
6 verbose install     'pretty-data' ] ]
7 info preinstall livingdocs-vanilla-css@0.0.1
8 verbose readDependencies using package.json deps
9 verbose already installed skipping coffee-script@^1.7.1 /Users/marcbachmann/Development/upfrontIO/livingdocs-vanilla-css
10 verbose already installed skipping express@^4.1.1 /Users/marcbachmann/Development/upfrontIO/livingdocs-vanilla-css
11 verbose already installed skipping color@^0.6.0 /Users/marcbachmann/Development/upfrontIO/livingdocs-vanilla-css
12 verbose already installed skipping cheerio@^0.12.4 /Users/marcbachmann/Development/upfrontIO/livingdocs-vanilla-css
13 verbose already installed skipping grunt@^0.4.2 /Users/marcbachmann/Development/upfrontIO/livingdocs-vanilla-css
14 verbose already installed skipping grunt-autoprefixer@^0.6.5 /Users/marcbachmann/Development/upfrontIO/livingdocs-vanilla-css
15 verbose already installed skipping grunt-concurrent@^1.0.0 /Users/marcbachmann/Development/upfrontIO/livingdocs-vanilla-css
16 verbose already installed skipping grunt-contrib-clean@^0.4.1 /Users/marcbachmann/Development/upfrontIO/livingdocs-vanilla-css
17 verbose already installed skipping grunt-contrib-compass@^1.0.1 /Users/marcbachmann/Development/upfrontIO/livingdocs-vanilla-css
18 verbose already installed skipping grunt-contrib-copy@^0.4.1 /Users/marcbachmann/Development/upfrontIO/livingdocs-vanilla-css
19 verbose already installed skipping grunt-contrib-jade@^0.13.0 /Users/marcbachmann/Development/upfrontIO/livingdocs-vanilla-css
20 verbose already installed skipping grunt-contrib-sass@^0.7.2 /Users/marcbachmann/Development/upfrontIO/livingdocs-vanilla-css
21 verbose already installed skipping grunt-contrib-stylus@^0.20.0 /Users/marcbachmann/Development/upfrontIO/livingdocs-vanilla-css
22 verbose already installed skipping grunt-contrib-watch@^0.4.4 /Users/marcbachmann/Development/upfrontIO/livingdocs-vanilla-css
23 verbose already installed skipping grunt-express@^1.2.1 /Users/marcbachmann/Development/upfrontIO/livingdocs-vanilla-css
24 verbose already installed skipping grunt-livingdocs-design@^0.3.0 /Users/marcbachmann/Development/upfrontIO/livingdocs-vanilla-css
25 verbose already installed skipping grunt-recess@^0.3.3 /Users/marcbachmann/Development/upfrontIO/livingdocs-vanilla-css
26 verbose already installed skipping html-minifier@^0.5.6 /Users/marcbachmann/Development/upfrontIO/livingdocs-vanilla-css
27 verbose already installed skipping load-grunt-tasks@^0.4.0 /Users/marcbachmann/Development/upfrontIO/livingdocs-vanilla-css
28 verbose already installed skipping pretty-data@^0.40.0 /Users/marcbachmann/Development/upfrontIO/livingdocs-vanilla-css
29 silly resolved []
30 info build /Users/marcbachmann/Development/upfrontIO/livingdocs-vanilla-css
31 verbose linkStuff [ false,
31 verbose linkStuff   false,
31 verbose linkStuff   false,
31 verbose linkStuff   '/Users/marcbachmann/Development/upfrontIO' ]
32 info linkStuff livingdocs-vanilla-css@0.0.1
33 verbose linkBins livingdocs-vanilla-css@0.0.1
34 verbose linkMans livingdocs-vanilla-css@0.0.1
35 verbose rebuildBundles livingdocs-vanilla-css@0.0.1
36 verbose rebuildBundles [ '.bin',
36 verbose rebuildBundles   'cheerio',
36 verbose rebuildBundles   'coffee-script',
36 verbose rebuildBundles   'color',
36 verbose rebuildBundles   'express',
36 verbose rebuildBundles   'grunt',
36 verbose rebuildBundles   'grunt-autoprefixer',
36 verbose rebuildBundles   'grunt-concurrent',
36 verbose rebuildBundles   'grunt-contrib-clean',
36 verbose rebuildBundles   'grunt-contrib-compass',
36 verbose rebuildBundles   'grunt-contrib-copy',
36 verbose rebuildBundles   'grunt-contrib-jade',
36 verbose rebuildBundles   'grunt-contrib-sass',
36 verbose rebuildBundles   'grunt-contrib-stylus',
36 verbose rebuildBundles   'grunt-contrib-watch',
36 verbose rebuildBundles   'grunt-express',
36 verbose rebuildBundles   'grunt-livingdocs-design',
36 verbose rebuildBundles   'grunt-recess',
36 verbose rebuildBundles   'grunt-sass',
36 verbose rebuildBundles   'grunt-takana',
36 verbose rebuildBundles   'html-minifier',
36 verbose rebuildBundles   'load-grunt-tasks',
36 verbose rebuildBundles   'pretty-data' ]
37 verbose rebuild bundle /Users/marcbachmann/Development/upfrontIO/livingdocs-vanilla-css/node_modules/grunt-sass
38 info build /Users/marcbachmann/Development/upfrontIO/livingdocs-vanilla-css/node_modules/grunt-sass
39 info preinstall grunt-sass@0.16.0
40 verbose linkStuff [ false,
40 verbose linkStuff   false,
40 verbose linkStuff   false,
40 verbose linkStuff   '/Users/marcbachmann/Development/upfrontIO/livingdocs-vanilla-css/node_modules' ]
41 info linkStuff grunt-sass@0.16.0
42 verbose linkBins grunt-sass@0.16.0
43 verbose linkMans grunt-sass@0.16.0
44 verbose rebuildBundles grunt-sass@0.16.0
45 verbose rebuildBundles [ '.bin', 'chalk', 'each-async', 'node-sass', 'object-assign' ]
46 info install grunt-sass@0.16.0
47 info postinstall grunt-sass@0.16.0
48 verbose rebuild bundle /Users/marcbachmann/Development/upfrontIO/livingdocs-vanilla-css/node_modules/grunt-takana
49 info build /Users/marcbachmann/Development/upfrontIO/livingdocs-vanilla-css/node_modules/grunt-takana
50 info preinstall grunt-takana@1.0.4
51 verbose unsafe-perm in lifecycle true
52 info grunt-takana@1.0.4 Failed to exec preinstall script
53 error grunt-takana@1.0.4 preinstall: `npm i -g takana && takana sublime:install`
53 error Exit status 3
54 error Failed at the grunt-takana@1.0.4 preinstall script.
54 error This is most likely a problem with the grunt-takana package,
54 error not with npm itself.
54 error Tell the author that this fails on your system:
54 error     npm i -g takana && takana sublime:install
54 error You can get their info via:
54 error     npm owner ls grunt-takana
54 error There is likely additional logging output above.
55 error System Darwin 14.1.0
56 error command "node" "/usr/local/bin/npm" "install"
57 error cwd /Users/marcbachmann/Development/upfrontIO/livingdocs-vanilla-css
58 error node -v v0.10.35
59 error npm -v 1.4.28
60 error code ELIFECYCLE
61 verbose exit [ 1, true ]
